<?xml version="1.0" encoding="UTF-8"?>
<testsuite name="com.badminton.service.BookingServiceTest" tests="6" skipped="0" failures="0" errors="0" timestamp="2026-07-15T15:38:41.891Z" hostname="LAPTOP-9DQS3FLB" time="0.866">
  <properties/>
  <testcase name="createBooking_success()" classname="com.badminton.service.BookingServiceTest" time="0.797"/>
  <testcase name="createBooking_conflict()" classname="com.badminton.service.BookingServiceTest" time="0.009"/>
  <testcase name="approveBooking_forbidden()" classname="com.badminton.service.BookingServiceTest" time="0.01"/>
  <testcase name="createBooking_courtNotFound()" classname="com.badminton.service.BookingServiceTest" time="0.008"/>
  <testcase name="approveBooking_success()" classname="com.badminton.service.BookingServiceTest" time="0.011"/>
  <testcase name="approveBooking_alreadyConfirmed()" classname="com.badminton.service.BookingServiceTest" time="0.007"/>
  <system-out><![CDATA[]]></system-out>
  <system-err><![CDATA[]]></system-err>
</testsuite>
