<?xml version="1.0" encoding="UTF-8"?>
<testsuite name="com.badminton.controller.AdminUserControllerTest" tests="4" skipped="0" failures="0" errors="0" timestamp="2026-06-28T13:26:18.124Z" hostname="LAPTOP-9DQS3FLB" time="1.56">
  <properties/>
  <testcase name="testGetUsers()" classname="com.badminton.controller.AdminUserControllerTest" time="0.304"/>
  <testcase name="testUpdateUser()" classname="com.badminton.controller.AdminUserControllerTest" time="0.042"/>
  <testcase name="testDeleteUser()" classname="com.badminton.controller.AdminUserControllerTest" time="0.01"/>
  <testcase name="testGetUserById()" classname="com.badminton.controller.AdminUserControllerTest" time="0.006"/>
  <system-out><![CDATA[2026-06-28T20:26:18.132+07:00  INFO 3916 --- [badminton-booking-api] [    Test worker] t.c.s.AnnotationConfigContextLoaderUtils : Could not detect default configuration classes for test class [com.badminton.controller.AdminUserControllerTest]: AdminUserControllerTest does not declare any static, non-private, non-final, nested classes annotated with @Configuration.
2026-06-28T20:26:18.163+07:00  INFO 3916 --- [badminton-booking-api] [    Test worker] .b.t.c.SpringBootTestContextBootstrapper : Found @SpringBootConfiguration com.badminton.BadmintonBookingApplication for test class com.badminton.controller.AdminUserControllerTest

  .   ____          _            __ _ _
 /\\ / ___'_ __ _ _(_)_ __  __ _ \ \ \ \
( ( )\___ | '_ | '_| | '_ \/ _` | \ \ \ \
 \\/  ___)| |_)| | | | | || (_| |  ) ) ) )
  '  |____| .__|_| |_|_| |_\__, | / / / /
 =========|_|==============|___/=/_/_/_/
 :: Spring Boot ::                (v3.2.5)

2026-06-28T20:26:18.183+07:00  INFO 3916 --- [badminton-booking-api] [    Test worker] c.b.controller.AdminUserControllerTest   : Starting AdminUserControllerTest using Java 21.0.11 with PID 3916 (started by admin in D:\JavaRikkei\JavaWebService\Project\badminton_booking)
2026-06-28T20:26:18.183+07:00  INFO 3916 --- [badminton-booking-api] [    Test worker] c.b.controller.AdminUserControllerTest   : No active profile set, falling back to 1 default profile: "default"
2026-06-28T20:26:18.339+07:00  INFO 3916 --- [badminton-booking-api] [    Test worker] .s.d.r.c.RepositoryConfigurationDelegate : Bootstrapping Spring Data JPA repositories in DEFAULT mode.
2026-06-28T20:26:18.355+07:00  INFO 3916 --- [badminton-booking-api] [    Test worker] .s.d.r.c.RepositoryConfigurationDelegate : Finished Spring Data repository scanning in 18 ms. Found 6 JPA repository interfaces.
2026-06-28T20:26:18.621+07:00  INFO 3916 --- [badminton-booking-api] [    Test worker] o.hibernate.jpa.internal.util.LogHelper  : HHH000204: Processing PersistenceUnitInfo [name: default]
2026-06-28T20:26:18.632+07:00  INFO 3916 --- [badminton-booking-api] [    Test worker] o.h.c.internal.RegionFactoryInitiator    : HHH000026: Second-level cache disabled
2026-06-28T20:26:18.637+07:00  INFO 3916 --- [badminton-booking-api] [    Test worker] o.s.o.j.p.SpringPersistenceUnitInfo      : No LoadTimeWeaver setup: ignoring JPA class transformer
2026-06-28T20:26:18.637+07:00  INFO 3916 --- [badminton-booking-api] [    Test worker] com.zaxxer.hikari.HikariDataSource       : HikariPool-2 - Starting...
2026-06-28T20:26:18.655+07:00  INFO 3916 --- [badminton-booking-api] [    Test worker] com.zaxxer.hikari.pool.HikariPool        : HikariPool-2 - Added connection com.mysql.cj.jdbc.ConnectionImpl@45745de6
2026-06-28T20:26:18.655+07:00  INFO 3916 --- [badminton-booking-api] [    Test worker] com.zaxxer.hikari.HikariDataSource       : HikariPool-2 - Start completed.
2026-06-28T20:26:18.657+07:00  WARN 3916 --- [badminton-booking-api] [    Test worker] org.hibernate.orm.deprecation            : HHH90000025: MySQLDialect does not need to be specified explicitly using 'hibernate.dialect' (remove the property setting and it will be selected by default)
2026-06-28T20:26:18.855+07:00  INFO 3916 --- [badminton-booking-api] [    Test worker] o.h.e.t.j.p.i.JtaPlatformInitiator       : HHH000489: No JTA platform available (set 'hibernate.transaction.jta.platform' to enable JTA platform integration)
2026-06-28T20:26:18.894+07:00  INFO 3916 --- [badminton-booking-api] [    Test worker] j.LocalContainerEntityManagerFactoryBean : Initialized JPA EntityManagerFactory for persistence unit 'default'
2026-06-28T20:26:19.043+07:00  WARN 3916 --- [badminton-booking-api] [    Test worker] JpaBaseConfiguration$JpaWebConfiguration : spring.jpa.open-in-view is enabled by default. Therefore, database queries may be performed during view rendering. Explicitly configure spring.jpa.open-in-view to disable this warning
2026-06-28T20:26:19.155+07:00  INFO 3916 --- [badminton-booking-api] [    Test worker] o.s.s.web.DefaultSecurityFilterChain     : Will secure any request with [org.springframework.security.web.session.DisableEncodeUrlFilter@358f85b1, org.springframework.security.web.context.request.async.WebAsyncManagerIntegrationFilter@2b01bb54, org.springframework.security.web.context.SecurityContextHolderFilter@515a897c, org.springframework.security.web.header.HeaderWriterFilter@1fd1deed, org.springframework.security.web.authentication.logout.LogoutFilter@2057d8ec, com.badminton.config.JwtRequestFilter@76a41af0, org.springframework.security.web.savedrequest.RequestCacheAwareFilter@197d6cc9, org.springframework.security.web.servletapi.SecurityContextHolderAwareRequestFilter@8caffbd, org.springframework.security.web.authentication.AnonymousAuthenticationFilter@e822394, org.springframework.security.web.session.SessionManagementFilter@814b60b, org.springframework.security.web.access.ExceptionTranslationFilter@33ef701e, org.springframework.security.web.access.intercept.AuthorizationFilter@d56d9f6]
2026-06-28T20:26:19.298+07:00  INFO 3916 --- [badminton-booking-api] [    Test worker] o.s.b.t.m.w.SpringBootMockServletContext : Initializing Spring TestDispatcherServlet ''
2026-06-28T20:26:19.298+07:00  INFO 3916 --- [badminton-booking-api] [    Test worker] o.s.t.web.servlet.TestDispatcherServlet  : Initializing Servlet ''
2026-06-28T20:26:19.302+07:00  INFO 3916 --- [badminton-booking-api] [    Test worker] o.s.t.web.servlet.TestDispatcherServlet  : Completed initialization in 4 ms
2026-06-28T20:26:19.307+07:00  INFO 3916 --- [badminton-booking-api] [    Test worker] c.b.controller.AdminUserControllerTest   : Started AdminUserControllerTest in 1.144 seconds (process running for 7.782)
]]></system-out>
  <system-err><![CDATA[]]></system-err>
</testsuite>
