<?xml version="1.0" encoding="UTF-8"?>
<testsuite name="com.badminton.controller.AuthControllerTest" tests="2" skipped="0" failures="0" errors="0" timestamp="2026-06-26T04:38:11.743Z" hostname="LAPTOP-9DQS3FLB" time="0.709">
  <properties/>
  <testcase name="testRegister_Success()" classname="com.badminton.controller.AuthControllerTest" time="0.078"/>
  <testcase name="testRegister_ValidationFailure()" classname="com.badminton.controller.AuthControllerTest" time="0.014"/>
  <system-out><![CDATA[2026-06-26T11:38:11.745+07:00  INFO 14988 --- [badminton-booking-api] [    Test worker] t.c.s.AnnotationConfigContextLoaderUtils : Could not detect default configuration classes for test class [com.badminton.controller.AuthControllerTest]: AuthControllerTest does not declare any static, non-private, non-final, nested classes annotated with @Configuration.
2026-06-26T11:38:11.745+07:00  INFO 14988 --- [badminton-booking-api] [    Test worker] .b.t.c.SpringBootTestContextBootstrapper : Found @SpringBootConfiguration com.badminton.BadmintonBookingApplication for test class com.badminton.controller.AuthControllerTest

  .   ____          _            __ _ _
 /\\ / ___'_ __ _ _(_)_ __  __ _ \ \ \ \
( ( )\___ | '_ | '_| | '_ \/ _` | \ \ \ \
 \\/  ___)| |_)| | | | | || (_| |  ) ) ) )
  '  |____| .__|_| |_|_| |_\__, | / / / /
 =========|_|==============|___/=/_/_/_/
 :: Spring Boot ::                (v3.2.5)

2026-06-26T11:38:11.764+07:00  INFO 14988 --- [badminton-booking-api] [    Test worker] c.b.controller.AuthControllerTest        : Starting AuthControllerTest using Java 21.0.11 with PID 14988 (started by admin in D:\JavaRikkei\JavaWebService\Project\badminton_booking)
2026-06-26T11:38:11.765+07:00  INFO 14988 --- [badminton-booking-api] [    Test worker] c.b.controller.AuthControllerTest        : No active profile set, falling back to 1 default profile: "default"
2026-06-26T11:38:11.918+07:00  INFO 14988 --- [badminton-booking-api] [    Test worker] .s.d.r.c.RepositoryConfigurationDelegate : Bootstrapping Spring Data JPA repositories in DEFAULT mode.
2026-06-26T11:38:11.938+07:00  INFO 14988 --- [badminton-booking-api] [    Test worker] .s.d.r.c.RepositoryConfigurationDelegate : Finished Spring Data repository scanning in 15 ms. Found 6 JPA repository interfaces.
2026-06-26T11:38:12.028+07:00  INFO 14988 --- [badminton-booking-api] [    Test worker] o.hibernate.jpa.internal.util.LogHelper  : HHH000204: Processing PersistenceUnitInfo [name: default]
2026-06-26T11:38:12.031+07:00  INFO 14988 --- [badminton-booking-api] [    Test worker] o.h.c.internal.RegionFactoryInitiator    : HHH000026: Second-level cache disabled
2026-06-26T11:38:12.031+07:00  INFO 14988 --- [badminton-booking-api] [    Test worker] o.s.o.j.p.SpringPersistenceUnitInfo      : No LoadTimeWeaver setup: ignoring JPA class transformer
2026-06-26T11:38:12.031+07:00  INFO 14988 --- [badminton-booking-api] [    Test worker] com.zaxxer.hikari.HikariDataSource       : HikariPool-3 - Starting...
2026-06-26T11:38:12.038+07:00  INFO 14988 --- [badminton-booking-api] [    Test worker] com.zaxxer.hikari.pool.HikariPool        : HikariPool-3 - Added connection com.mysql.cj.jdbc.ConnectionImpl@1b60c196
2026-06-26T11:38:12.038+07:00  INFO 14988 --- [badminton-booking-api] [    Test worker] com.zaxxer.hikari.HikariDataSource       : HikariPool-3 - Start completed.
2026-06-26T11:38:12.038+07:00  WARN 14988 --- [badminton-booking-api] [    Test worker] org.hibernate.orm.deprecation            : HHH90000025: MySQLDialect does not need to be specified explicitly using 'hibernate.dialect' (remove the property setting and it will be selected by default)
2026-06-26T11:38:12.134+07:00  INFO 14988 --- [badminton-booking-api] [    Test worker] o.h.e.t.j.p.i.JtaPlatformInitiator       : HHH000489: No JTA platform available (set 'hibernate.transaction.jta.platform' to enable JTA platform integration)
2026-06-26T11:38:12.175+07:00  INFO 14988 --- [badminton-booking-api] [    Test worker] j.LocalContainerEntityManagerFactoryBean : Initialized JPA EntityManagerFactory for persistence unit 'default'
2026-06-26T11:38:12.218+07:00  WARN 14988 --- [badminton-booking-api] [    Test worker] JpaBaseConfiguration$JpaWebConfiguration : spring.jpa.open-in-view is enabled by default. Therefore, database queries may be performed during view rendering. Explicitly configure spring.jpa.open-in-view to disable this warning
2026-06-26T11:38:12.226+07:00  WARN 14988 --- [badminton-booking-api] [    Test worker] .s.s.UserDetailsServiceAutoConfiguration : 

Using generated security password: 7ac334ce-cb68-4c0f-bea9-e596419d68fc

This generated password is for development use only. Your security configuration must be updated before running your application in production.

2026-06-26T11:38:12.273+07:00  INFO 14988 --- [badminton-booking-api] [    Test worker] o.s.s.web.DefaultSecurityFilterChain     : Will secure any request with [org.springframework.security.web.session.DisableEncodeUrlFilter@42be0eca, org.springframework.security.web.context.request.async.WebAsyncManagerIntegrationFilter@b15da69, org.springframework.security.web.context.SecurityContextHolderFilter@4dd4a4e, org.springframework.security.web.header.HeaderWriterFilter@a6017f9, org.springframework.security.web.authentication.logout.LogoutFilter@4a907e5a, org.springframework.security.web.savedrequest.RequestCacheAwareFilter@7e3ccedb, org.springframework.security.web.servletapi.SecurityContextHolderAwareRequestFilter@7469d13a, org.springframework.security.web.authentication.AnonymousAuthenticationFilter@48ca44cd, org.springframework.security.web.session.SessionManagementFilter@14a204f, org.springframework.security.web.access.ExceptionTranslationFilter@62a30701, org.springframework.security.web.access.intercept.AuthorizationFilter@6818c0a6]
2026-06-26T11:38:12.352+07:00  INFO 14988 --- [badminton-booking-api] [    Test worker] o.s.b.t.m.w.SpringBootMockServletContext : Initializing Spring TestDispatcherServlet ''
2026-06-26T11:38:12.352+07:00  INFO 14988 --- [badminton-booking-api] [    Test worker] o.s.t.web.servlet.TestDispatcherServlet  : Initializing Servlet ''
2026-06-26T11:38:12.353+07:00  INFO 14988 --- [badminton-booking-api] [    Test worker] o.s.t.web.servlet.TestDispatcherServlet  : Completed initialization in 1 ms
2026-06-26T11:38:12.357+07:00  INFO 14988 --- [badminton-booking-api] [    Test worker] c.b.controller.AuthControllerTest        : Started AuthControllerTest in 0.608 seconds (process running for 7.702)
]]></system-out>
  <system-err><![CDATA[]]></system-err>
</testsuite>
