<?xml version="1.0" encoding="UTF-8"?>
<testsuite name="com.badminton.BadmintonBookingApplicationTests" tests="1" skipped="0" failures="0" errors="0" timestamp="2026-07-01T05:18:07.204Z" hostname="LAPTOP-9DQS3FLB" time="8.708">
  <properties/>
  <testcase name="contextLoads()" classname="com.badminton.BadmintonBookingApplicationTests" time="0.687"/>
  <system-out><![CDATA[12:18:07.403 [Test worker] INFO org.springframework.test.context.support.AnnotationConfigContextLoaderUtils -- Could not detect default configuration classes for test class [com.badminton.BadmintonBookingApplicationTests]: BadmintonBookingApplicationTests does not declare any static, non-private, non-final, nested classes annotated with @Configuration.
12:18:07.520 [Test worker] INFO org.springframework.boot.test.context.SpringBootTestContextBootstrapper -- Found @SpringBootConfiguration com.badminton.BadmintonBookingApplication for test class com.badminton.BadmintonBookingApplicationTests

  .   ____          _            __ _ _
 /\\ / ___'_ __ _ _(_)_ __  __ _ \ \ \ \
( ( )\___ | '_ | '_| | '_ \/ _` | \ \ \ \
 \\/  ___)| |_)| | | | | || (_| |  ) ) ) )
  '  |____| .__|_| |_|_| |_\__, | / / / /
 =========|_|==============|___/=/_/_/_/
 :: Spring Boot ::                (v3.2.5)

2026-07-01T12:18:08.051+07:00  INFO 17124 --- [badminton-booking-api] [    Test worker] c.b.BadmintonBookingApplicationTests     : Starting BadmintonBookingApplicationTests using Java 21.0.11 with PID 17124 (started by admin in D:\JavaRikkei\JavaWebService\Project\badminton_booking)
2026-07-01T12:18:08.053+07:00  INFO 17124 --- [badminton-booking-api] [    Test worker] c.b.BadmintonBookingApplicationTests     : No active profile set, falling back to 1 default profile: "default"
2026-07-01T12:18:09.064+07:00  INFO 17124 --- [badminton-booking-api] [    Test worker] .s.d.r.c.RepositoryConfigurationDelegate : Multiple Spring Data modules found, entering strict repository configuration mode
2026-07-01T12:18:09.065+07:00  INFO 17124 --- [badminton-booking-api] [    Test worker] .s.d.r.c.RepositoryConfigurationDelegate : Bootstrapping Spring Data JPA repositories in DEFAULT mode.
2026-07-01T12:18:09.242+07:00  INFO 17124 --- [badminton-booking-api] [    Test worker] .s.d.r.c.RepositoryConfigurationDelegate : Finished Spring Data repository scanning in 169 ms. Found 5 JPA repository interfaces.
2026-07-01T12:18:09.266+07:00  INFO 17124 --- [badminton-booking-api] [    Test worker] .s.d.r.c.RepositoryConfigurationDelegate : Multiple Spring Data modules found, entering strict repository configuration mode
2026-07-01T12:18:09.267+07:00  INFO 17124 --- [badminton-booking-api] [    Test worker] .s.d.r.c.RepositoryConfigurationDelegate : Bootstrapping Spring Data Redis repositories in DEFAULT mode.
2026-07-01T12:18:09.288+07:00  INFO 17124 --- [badminton-booking-api] [    Test worker] .RepositoryConfigurationExtensionSupport : Spring Data Redis - Could not safely identify store assignment for repository candidate interface com.badminton.repository.BookingRepository; If you want this repository to be a Redis repository, consider annotating your entities with one of these annotations: org.springframework.data.redis.core.RedisHash (preferred), or consider extending one of the following types with your repository: org.springframework.data.keyvalue.repository.KeyValueRepository
2026-07-01T12:18:09.288+07:00  INFO 17124 --- [badminton-booking-api] [    Test worker] .RepositoryConfigurationExtensionSupport : Spring Data Redis - Could not safely identify store assignment for repository candidate interface com.badminton.repository.CourtImageRepository; If you want this repository to be a Redis repository, consider annotating your entities with one of these annotations: org.springframework.data.redis.core.RedisHash (preferred), or consider extending one of the following types with your repository: org.springframework.data.keyvalue.repository.KeyValueRepository
2026-07-01T12:18:09.289+07:00  INFO 17124 --- [badminton-booking-api] [    Test worker] .RepositoryConfigurationExtensionSupport : Spring Data Redis - Could not safely identify store assignment for repository candidate interface com.badminton.repository.CourtRepository; If you want this repository to be a Redis repository, consider annotating your entities with one of these annotations: org.springframework.data.redis.core.RedisHash (preferred), or consider extending one of the following types with your repository: org.springframework.data.keyvalue.repository.KeyValueRepository
2026-07-01T12:18:09.289+07:00  INFO 17124 --- [badminton-booking-api] [    Test worker] .RepositoryConfigurationExtensionSupport : Spring Data Redis - Could not safely identify store assignment for repository candidate interface com.badminton.repository.TimeSlotRepository; If you want this repository to be a Redis repository, consider annotating your entities with one of these annotations: org.springframework.data.redis.core.RedisHash (preferred), or consider extending one of the following types with your repository: org.springframework.data.keyvalue.repository.KeyValueRepository
2026-07-01T12:18:09.289+07:00  INFO 17124 --- [badminton-booking-api] [    Test worker] .RepositoryConfigurationExtensionSupport : Spring Data Redis - Could not safely identify store assignment for repository candidate interface com.badminton.repository.UserRepository; If you want this repository to be a Redis repository, consider annotating your entities with one of these annotations: org.springframework.data.redis.core.RedisHash (preferred), or consider extending one of the following types with your repository: org.springframework.data.keyvalue.repository.KeyValueRepository
2026-07-01T12:18:09.289+07:00  INFO 17124 --- [badminton-booking-api] [    Test worker] .s.d.r.c.RepositoryConfigurationDelegate : Finished Spring Data repository scanning in 12 ms. Found 0 Redis repository interfaces.
2026-07-01T12:18:10.165+07:00  INFO 17124 --- [badminton-booking-api] [    Test worker] o.hibernate.jpa.internal.util.LogHelper  : HHH000204: Processing PersistenceUnitInfo [name: default]
2026-07-01T12:18:10.247+07:00  INFO 17124 --- [badminton-booking-api] [    Test worker] org.hibernate.Version                    : HHH000412: Hibernate ORM core version 6.4.4.Final
2026-07-01T12:18:10.285+07:00  INFO 17124 --- [badminton-booking-api] [    Test worker] o.h.c.internal.RegionFactoryInitiator    : HHH000026: Second-level cache disabled
2026-07-01T12:18:10.518+07:00  INFO 17124 --- [badminton-booking-api] [    Test worker] o.s.o.j.p.SpringPersistenceUnitInfo      : No LoadTimeWeaver setup: ignoring JPA class transformer
2026-07-01T12:18:10.546+07:00  INFO 17124 --- [badminton-booking-api] [    Test worker] com.zaxxer.hikari.HikariDataSource       : HikariPool-1 - Starting...
2026-07-01T12:18:10.745+07:00  INFO 17124 --- [badminton-booking-api] [    Test worker] com.zaxxer.hikari.pool.HikariPool        : HikariPool-1 - Added connection com.mysql.cj.jdbc.ConnectionImpl@63f3366a
2026-07-01T12:18:10.748+07:00  INFO 17124 --- [badminton-booking-api] [    Test worker] com.zaxxer.hikari.HikariDataSource       : HikariPool-1 - Start completed.
2026-07-01T12:18:10.828+07:00  WARN 17124 --- [badminton-booking-api] [    Test worker] org.hibernate.orm.deprecation            : HHH90000025: MySQLDialect does not need to be specified explicitly using 'hibernate.dialect' (remove the property setting and it will be selected by default)
2026-07-01T12:18:11.796+07:00  INFO 17124 --- [badminton-booking-api] [    Test worker] o.h.e.t.j.p.i.JtaPlatformInitiator       : HHH000489: No JTA platform available (set 'hibernate.transaction.jta.platform' to enable JTA platform integration)
2026-07-01T12:18:11.959+07:00  INFO 17124 --- [badminton-booking-api] [    Test worker] j.LocalContainerEntityManagerFactoryBean : Initialized JPA EntityManagerFactory for persistence unit 'default'
2026-07-01T12:18:13.503+07:00  WARN 17124 --- [badminton-booking-api] [    Test worker] JpaBaseConfiguration$JpaWebConfiguration : spring.jpa.open-in-view is enabled by default. Therefore, database queries may be performed during view rendering. Explicitly configure spring.jpa.open-in-view to disable this warning
2026-07-01T12:18:14.076+07:00  INFO 17124 --- [badminton-booking-api] [    Test worker] o.s.s.web.DefaultSecurityFilterChain     : Will secure any request with [org.springframework.security.web.session.DisableEncodeUrlFilter@30367620, org.springframework.security.web.context.request.async.WebAsyncManagerIntegrationFilter@61ee9672, org.springframework.security.web.context.SecurityContextHolderFilter@15311af2, org.springframework.security.web.header.HeaderWriterFilter@648639f1, org.springframework.security.web.authentication.logout.LogoutFilter@72e806, com.badminton.config.JwtRequestFilter@6ec9f664, org.springframework.security.web.savedrequest.RequestCacheAwareFilter@1626612d, org.springframework.security.web.servletapi.SecurityContextHolderAwareRequestFilter@542aba71, org.springframework.security.web.authentication.AnonymousAuthenticationFilter@361065d1, org.springframework.security.web.session.SessionManagementFilter@5c1605e2, org.springframework.security.web.access.ExceptionTranslationFilter@4ab1ff80, org.springframework.security.web.access.intercept.AuthorizationFilter@f1b0658]
2026-07-01T12:18:15.189+07:00  INFO 17124 --- [badminton-booking-api] [    Test worker] c.b.BadmintonBookingApplicationTests     : Started BadmintonBookingApplicationTests in 7.421 seconds (process running for 9.421)
]]></system-out>
  <system-err><![CDATA[WARNING: A Java agent has been loaded dynamically (D:\LapTrinhUngDungTrenDT\Gradle\caches\modules-2\files-2.1\net.bytebuddy\byte-buddy-agent\1.14.13\979ce25f7d3096a2e82214ba7dc972a05ce7a171\byte-buddy-agent-1.14.13.jar)
WARNING: If a serviceability tool is in use, please run with -XX:+EnableDynamicAgentLoading to hide this warning
WARNING: If a serviceability tool is not in use, please run with -Djdk.instrument.traceUsage for more information
WARNING: Dynamic loading of agents will be disallowed by default in a future release
]]></system-err>
</testsuite>
