<?xml version="1.0" encoding="UTF-8"?>
<testsuite name="com.badminton.controller.AdminUserControllerTest" tests="4" skipped="0" failures="0" errors="0" timestamp="2026-07-01T18:19:49.218Z" hostname="LAPTOP-9DQS3FLB" time="3.261">
  <properties/>
  <testcase name="testGetUsers()" classname="com.badminton.controller.AdminUserControllerTest" time="0.377"/>
  <testcase name="testUpdateUser()" classname="com.badminton.controller.AdminUserControllerTest" time="0.059"/>
  <testcase name="testDeleteUser()" classname="com.badminton.controller.AdminUserControllerTest" time="0.013"/>
  <testcase name="testGetUserById()" classname="com.badminton.controller.AdminUserControllerTest" time="0.009"/>
  <system-out><![CDATA[2026-07-02T01:19:49.223+07:00  INFO 31520 --- [badminton-booking-api] [    Test worker] t.c.s.AnnotationConfigContextLoaderUtils : Could not detect default configuration classes for test class [com.badminton.controller.AdminUserControllerTest]: AdminUserControllerTest does not declare any static, non-private, non-final, nested classes annotated with @Configuration.
2026-07-02T01:19:49.251+07:00  INFO 31520 --- [badminton-booking-api] [    Test worker] .b.t.c.SpringBootTestContextBootstrapper : Found @SpringBootConfiguration com.badminton.BadmintonBookingApplication for test class com.badminton.controller.AdminUserControllerTest

  .   ____          _            __ _ _
 /\\ / ___'_ __ _ _(_)_ __  __ _ \ \ \ \
( ( )\___ | '_ | '_| | '_ \/ _` | \ \ \ \
 \\/  ___)| |_)| | | | | || (_| |  ) ) ) )
  '  |____| .__|_| |_|_| |_\__, | / / / /
 =========|_|==============|___/=/_/_/_/
 :: Spring Boot ::                (v3.2.5)

2026-07-02T01:19:49.288+07:00  INFO 31520 --- [badminton-booking-api] [    Test worker] c.b.controller.AdminUserControllerTest   : Starting AdminUserControllerTest using Java 21.0.11 with PID 31520 (started by admin in D:\JavaRikkei\JavaWebService\Project\badminton_booking)
2026-07-02T01:19:49.288+07:00  INFO 31520 --- [badminton-booking-api] [    Test worker] c.b.controller.AdminUserControllerTest   : No active profile set, falling back to 1 default profile: "default"
2026-07-02T01:19:49.611+07:00  INFO 31520 --- [badminton-booking-api] [    Test worker] .s.d.r.c.RepositoryConfigurationDelegate : Multiple Spring Data modules found, entering strict repository configuration mode
2026-07-02T01:19:49.612+07:00  INFO 31520 --- [badminton-booking-api] [    Test worker] .s.d.r.c.RepositoryConfigurationDelegate : Bootstrapping Spring Data JPA repositories in DEFAULT mode.
2026-07-02T01:19:49.642+07:00  INFO 31520 --- [badminton-booking-api] [    Test worker] .s.d.r.c.RepositoryConfigurationDelegate : Finished Spring Data repository scanning in 29 ms. Found 5 JPA repository interfaces.
2026-07-02T01:19:49.649+07:00  INFO 31520 --- [badminton-booking-api] [    Test worker] .s.d.r.c.RepositoryConfigurationDelegate : Multiple Spring Data modules found, entering strict repository configuration mode
2026-07-02T01:19:49.649+07:00  INFO 31520 --- [badminton-booking-api] [    Test worker] .s.d.r.c.RepositoryConfigurationDelegate : Bootstrapping Spring Data Redis repositories in DEFAULT mode.
2026-07-02T01:19:49.656+07:00  INFO 31520 --- [badminton-booking-api] [    Test worker] .RepositoryConfigurationExtensionSupport : Spring Data Redis - Could not safely identify store assignment for repository candidate interface com.badminton.repository.BookingRepository; If you want this repository to be a Redis repository, consider annotating your entities with one of these annotations: org.springframework.data.redis.core.RedisHash (preferred), or consider extending one of the following types with your repository: org.springframework.data.keyvalue.repository.KeyValueRepository
2026-07-02T01:19:49.657+07:00  INFO 31520 --- [badminton-booking-api] [    Test worker] .RepositoryConfigurationExtensionSupport : Spring Data Redis - Could not safely identify store assignment for repository candidate interface com.badminton.repository.CourtImageRepository; If you want this repository to be a Redis repository, consider annotating your entities with one of these annotations: org.springframework.data.redis.core.RedisHash (preferred), or consider extending one of the following types with your repository: org.springframework.data.keyvalue.repository.KeyValueRepository
2026-07-02T01:19:49.657+07:00  INFO 31520 --- [badminton-booking-api] [    Test worker] .RepositoryConfigurationExtensionSupport : Spring Data Redis - Could not safely identify store assignment for repository candidate interface com.badminton.repository.CourtRepository; If you want this repository to be a Redis repository, consider annotating your entities with one of these annotations: org.springframework.data.redis.core.RedisHash (preferred), or consider extending one of the following types with your repository: org.springframework.data.keyvalue.repository.KeyValueRepository
2026-07-02T01:19:49.657+07:00  INFO 31520 --- [badminton-booking-api] [    Test worker] .RepositoryConfigurationExtensionSupport : Spring Data Redis - Could not safely identify store assignment for repository candidate interface com.badminton.repository.TimeSlotRepository; If you want this repository to be a Redis repository, consider annotating your entities with one of these annotations: org.springframework.data.redis.core.RedisHash (preferred), or consider extending one of the following types with your repository: org.springframework.data.keyvalue.repository.KeyValueRepository
2026-07-02T01:19:49.657+07:00  INFO 31520 --- [badminton-booking-api] [    Test worker] .RepositoryConfigurationExtensionSupport : Spring Data Redis - Could not safely identify store assignment for repository candidate interface com.badminton.repository.UserRepository; If you want this repository to be a Redis repository, consider annotating your entities with one of these annotations: org.springframework.data.redis.core.RedisHash (preferred), or consider extending one of the following types with your repository: org.springframework.data.keyvalue.repository.KeyValueRepository
2026-07-02T01:19:49.657+07:00  INFO 31520 --- [badminton-booking-api] [    Test worker] .s.d.r.c.RepositoryConfigurationDelegate : Finished Spring Data repository scanning in 7 ms. Found 0 Redis repository interfaces.
2026-07-02T01:19:50.189+07:00  INFO 31520 --- [badminton-booking-api] [    Test worker] o.hibernate.jpa.internal.util.LogHelper  : HHH000204: Processing PersistenceUnitInfo [name: default]
2026-07-02T01:19:50.194+07:00  INFO 31520 --- [badminton-booking-api] [    Test worker] o.h.c.internal.RegionFactoryInitiator    : HHH000026: Second-level cache disabled
2026-07-02T01:19:50.204+07:00  INFO 31520 --- [badminton-booking-api] [    Test worker] o.s.o.j.p.SpringPersistenceUnitInfo      : No LoadTimeWeaver setup: ignoring JPA class transformer
2026-07-02T01:19:50.206+07:00  INFO 31520 --- [badminton-booking-api] [    Test worker] com.zaxxer.hikari.HikariDataSource       : HikariPool-2 - Starting...
2026-07-02T01:19:50.215+07:00  INFO 31520 --- [badminton-booking-api] [    Test worker] com.zaxxer.hikari.pool.HikariPool        : HikariPool-2 - Added connection com.mysql.cj.jdbc.ConnectionImpl@46b4d4e7
2026-07-02T01:19:50.215+07:00  INFO 31520 --- [badminton-booking-api] [    Test worker] com.zaxxer.hikari.HikariDataSource       : HikariPool-2 - Start completed.
2026-07-02T01:19:50.217+07:00  WARN 31520 --- [badminton-booking-api] [    Test worker] org.hibernate.orm.deprecation            : HHH90000025: MySQLDialect does not need to be specified explicitly using 'hibernate.dialect' (remove the property setting and it will be selected by default)
2026-07-02T01:19:50.414+07:00  INFO 31520 --- [badminton-booking-api] [    Test worker] o.h.e.t.j.p.i.JtaPlatformInitiator       : HHH000489: No JTA platform available (set 'hibernate.transaction.jta.platform' to enable JTA platform integration)
2026-07-02T01:19:50.463+07:00  INFO 31520 --- [badminton-booking-api] [    Test worker] j.LocalContainerEntityManagerFactoryBean : Initialized JPA EntityManagerFactory for persistence unit 'default'
2026-07-02T01:19:50.969+07:00  WARN 31520 --- [badminton-booking-api] [    Test worker] JpaBaseConfiguration$JpaWebConfiguration : spring.jpa.open-in-view is enabled by default. Therefore, database queries may be performed during view rendering. Explicitly configure spring.jpa.open-in-view to disable this warning
2026-07-02T01:19:51.220+07:00  INFO 31520 --- [badminton-booking-api] [    Test worker] o.s.s.web.DefaultSecurityFilterChain     : Will secure any request with [org.springframework.security.web.session.DisableEncodeUrlFilter@6e0d619b, org.springframework.security.web.context.request.async.WebAsyncManagerIntegrationFilter@5a8a50b8, org.springframework.security.web.context.SecurityContextHolderFilter@474172e5, org.springframework.security.web.header.HeaderWriterFilter@6333ac03, org.springframework.security.web.authentication.logout.LogoutFilter@538cf7fd, com.badminton.config.JwtRequestFilter@13258770, org.springframework.security.web.savedrequest.RequestCacheAwareFilter@7f951dd2, org.springframework.security.web.servletapi.SecurityContextHolderAwareRequestFilter@138f597, org.springframework.security.web.authentication.AnonymousAuthenticationFilter@5e7026b9, org.springframework.security.web.session.SessionManagementFilter@701dc5ad, org.springframework.security.web.access.ExceptionTranslationFilter@29b23bc4, org.springframework.security.web.access.intercept.AuthorizationFilter@42f2c28d]
2026-07-02T01:19:51.986+07:00  INFO 31520 --- [badminton-booking-api] [    Test worker] o.s.b.t.m.w.SpringBootMockServletContext : Initializing Spring TestDispatcherServlet ''
2026-07-02T01:19:51.987+07:00  INFO 31520 --- [badminton-booking-api] [    Test worker] o.s.t.web.servlet.TestDispatcherServlet  : Initializing Servlet ''
2026-07-02T01:19:51.989+07:00  INFO 31520 --- [badminton-booking-api] [    Test worker] o.s.t.web.servlet.TestDispatcherServlet  : Completed initialization in 2 ms
2026-07-02T01:19:52.003+07:00  INFO 31520 --- [badminton-booking-api] [    Test worker] c.b.controller.AdminUserControllerTest   : Started AdminUserControllerTest in 2.746 seconds (process running for 12.186)
]]></system-out>
  <system-err><![CDATA[]]></system-err>
</testsuite>
