<?xml version="1.0" encoding="UTF-8"?>
<testsuite name="com.badminton.controller.CustomerBookingControllerTest" tests="1" skipped="0" failures="0" errors="0" timestamp="2026-06-26T04:38:12.453Z" hostname="LAPTOP-9DQS3FLB" time="0.493">
  <properties/>
  <testcase name="testCreateBooking_Success()" classname="com.badminton.controller.CustomerBookingControllerTest" time="0.02"/>
  <system-out><![CDATA[2026-06-26T11:38:12.449+07:00  INFO 14988 --- [badminton-booking-api] [    Test worker] t.c.s.AnnotationConfigContextLoaderUtils : Could not detect default configuration classes for test class [com.badminton.controller.CustomerBookingControllerTest]: CustomerBookingControllerTest does not declare any static, non-private, non-final, nested classes annotated with @Configuration.
2026-06-26T11:38:12.449+07:00  INFO 14988 --- [badminton-booking-api] [    Test worker] .b.t.c.SpringBootTestContextBootstrapper : Found @SpringBootConfiguration com.badminton.BadmintonBookingApplication for test class com.badminton.controller.CustomerBookingControllerTest

  .   ____          _            __ _ _
 /\\ / ___'_ __ _ _(_)_ __  __ _ \ \ \ \
( ( )\___ | '_ | '_| | '_ \/ _` | \ \ \ \
 \\/  ___)| |_)| | | | | || (_| |  ) ) ) )
  '  |____| .__|_| |_|_| |_\__, | / / / /
 =========|_|==============|___/=/_/_/_/
 :: Spring Boot ::                (v3.2.5)

2026-06-26T11:38:12.470+07:00  INFO 14988 --- [badminton-booking-api] [    Test worker] c.b.c.CustomerBookingControllerTest      : Starting CustomerBookingControllerTest using Java 21.0.11 with PID 14988 (started by admin in D:\JavaRikkei\JavaWebService\Project\badminton_booking)
2026-06-26T11:38:12.470+07:00  INFO 14988 --- [badminton-booking-api] [    Test worker] c.b.c.CustomerBookingControllerTest      : No active profile set, falling back to 1 default profile: "default"
2026-06-26T11:38:12.578+07:00  INFO 14988 --- [badminton-booking-api] [    Test worker] .s.d.r.c.RepositoryConfigurationDelegate : Bootstrapping Spring Data JPA repositories in DEFAULT mode.
2026-06-26T11:38:12.593+07:00  INFO 14988 --- [badminton-booking-api] [    Test worker] .s.d.r.c.RepositoryConfigurationDelegate : Finished Spring Data repository scanning in 14 ms. Found 6 JPA repository interfaces.
2026-06-26T11:38:12.666+07:00  INFO 14988 --- [badminton-booking-api] [    Test worker] o.hibernate.jpa.internal.util.LogHelper  : HHH000204: Processing PersistenceUnitInfo [name: default]
2026-06-26T11:38:12.668+07:00  INFO 14988 --- [badminton-booking-api] [    Test worker] o.h.c.internal.RegionFactoryInitiator    : HHH000026: Second-level cache disabled
2026-06-26T11:38:12.668+07:00  INFO 14988 --- [badminton-booking-api] [    Test worker] o.s.o.j.p.SpringPersistenceUnitInfo      : No LoadTimeWeaver setup: ignoring JPA class transformer
2026-06-26T11:38:12.668+07:00  INFO 14988 --- [badminton-booking-api] [    Test worker] com.zaxxer.hikari.HikariDataSource       : HikariPool-4 - Starting...
2026-06-26T11:38:12.678+07:00  INFO 14988 --- [badminton-booking-api] [    Test worker] com.zaxxer.hikari.pool.HikariPool        : HikariPool-4 - Added connection com.mysql.cj.jdbc.ConnectionImpl@19a920d1
2026-06-26T11:38:12.678+07:00  INFO 14988 --- [badminton-booking-api] [    Test worker] com.zaxxer.hikari.HikariDataSource       : HikariPool-4 - Start completed.
2026-06-26T11:38:12.679+07:00  WARN 14988 --- [badminton-booking-api] [    Test worker] org.hibernate.orm.deprecation            : HHH90000025: MySQLDialect does not need to be specified explicitly using 'hibernate.dialect' (remove the property setting and it will be selected by default)
2026-06-26T11:38:12.745+07:00  INFO 14988 --- [badminton-booking-api] [    Test worker] o.h.e.t.j.p.i.JtaPlatformInitiator       : HHH000489: No JTA platform available (set 'hibernate.transaction.jta.platform' to enable JTA platform integration)
2026-06-26T11:38:12.778+07:00  INFO 14988 --- [badminton-booking-api] [    Test worker] j.LocalContainerEntityManagerFactoryBean : Initialized JPA EntityManagerFactory for persistence unit 'default'
2026-06-26T11:38:12.808+07:00  WARN 14988 --- [badminton-booking-api] [    Test worker] JpaBaseConfiguration$JpaWebConfiguration : spring.jpa.open-in-view is enabled by default. Therefore, database queries may be performed during view rendering. Explicitly configure spring.jpa.open-in-view to disable this warning
2026-06-26T11:38:12.813+07:00  WARN 14988 --- [badminton-booking-api] [    Test worker] .s.s.UserDetailsServiceAutoConfiguration : 

Using generated security password: 3ab60bba-ae2f-4c12-8d1a-effd5901d43e

This generated password is for development use only. Your security configuration must be updated before running your application in production.

2026-06-26T11:38:12.858+07:00  INFO 14988 --- [badminton-booking-api] [    Test worker] o.s.s.web.DefaultSecurityFilterChain     : Will secure any request with [org.springframework.security.web.session.DisableEncodeUrlFilter@2e4c4373, org.springframework.security.web.context.request.async.WebAsyncManagerIntegrationFilter@33dc36d5, org.springframework.security.web.context.SecurityContextHolderFilter@3985cca0, org.springframework.security.web.header.HeaderWriterFilter@81bc4da, org.springframework.security.web.authentication.logout.LogoutFilter@1261fd82, org.springframework.security.web.savedrequest.RequestCacheAwareFilter@285cf30a, org.springframework.security.web.servletapi.SecurityContextHolderAwareRequestFilter@7e37cfcf, org.springframework.security.web.authentication.AnonymousAuthenticationFilter@3afca969, org.springframework.security.web.session.SessionManagementFilter@6a022b0e, org.springframework.security.web.access.ExceptionTranslationFilter@684f20ea, org.springframework.security.web.access.intercept.AuthorizationFilter@1de36da2]
2026-06-26T11:38:12.921+07:00  INFO 14988 --- [badminton-booking-api] [    Test worker] o.s.b.t.m.w.SpringBootMockServletContext : Initializing Spring TestDispatcherServlet ''
2026-06-26T11:38:12.921+07:00  INFO 14988 --- [badminton-booking-api] [    Test worker] o.s.t.web.servlet.TestDispatcherServlet  : Initializing Servlet ''
2026-06-26T11:38:12.923+07:00  INFO 14988 --- [badminton-booking-api] [    Test worker] o.s.t.web.servlet.TestDispatcherServlet  : Completed initialization in 2 ms
2026-06-26T11:38:12.923+07:00  INFO 14988 --- [badminton-booking-api] [    Test worker] c.b.c.CustomerBookingControllerTest      : Started CustomerBookingControllerTest in 0.465 seconds (process running for 8.271)
]]></system-out>
  <system-err><![CDATA[]]></system-err>
</testsuite>
