<?xml version="1.0" encoding="UTF-8"?>
<testsuite name="com.badminton.controller.AuthControllerTest" tests="2" skipped="0" failures="0" errors="0" timestamp="2026-07-01T05:18:19.120Z" hostname="LAPTOP-9DQS3FLB" time="0.97">
  <properties/>
  <testcase name="login_badCredentials()" classname="com.badminton.controller.AuthControllerTest" time="0.171"/>
  <testcase name="login_success()" classname="com.badminton.controller.AuthControllerTest" time="0.011"/>
  <system-out><![CDATA[2026-07-01T12:18:19.125+07:00  INFO 17124 --- [badminton-booking-api] [    Test worker] t.c.s.AnnotationConfigContextLoaderUtils : Could not detect default configuration classes for test class [com.badminton.controller.AuthControllerTest]: AuthControllerTest does not declare any static, non-private, non-final, nested classes annotated with @Configuration.
2026-07-01T12:18:19.140+07:00  INFO 17124 --- [badminton-booking-api] [    Test worker] .b.t.c.SpringBootTestContextBootstrapper : Found @SpringBootConfiguration com.badminton.BadmintonBookingApplication for test class com.badminton.controller.AuthControllerTest

  .   ____          _            __ _ _
 /\\ / ___'_ __ _ _(_)_ __  __ _ \ \ \ \
( ( )\___ | '_ | '_| | '_ \/ _` | \ \ \ \
 \\/  ___)| |_)| | | | | || (_| |  ) ) ) )
  '  |____| .__|_| |_|_| |_\__, | / / / /
 =========|_|==============|___/=/_/_/_/
 :: Spring Boot ::                (v3.2.5)

2026-07-01T12:18:19.173+07:00  INFO 17124 --- [badminton-booking-api] [    Test worker] c.b.controller.AuthControllerTest        : Starting AuthControllerTest using Java 21.0.11 with PID 17124 (started by admin in D:\JavaRikkei\JavaWebService\Project\badminton_booking)
2026-07-01T12:18:19.174+07:00  INFO 17124 --- [badminton-booking-api] [    Test worker] c.b.controller.AuthControllerTest        : No active profile set, falling back to 1 default profile: "default"
2026-07-01T12:18:19.801+07:00  INFO 17124 --- [badminton-booking-api] [    Test worker] o.s.s.web.DefaultSecurityFilterChain     : Will secure any request with [org.springframework.security.web.session.DisableEncodeUrlFilter@2882a80d, org.springframework.security.web.context.request.async.WebAsyncManagerIntegrationFilter@36d28b4c, org.springframework.security.web.context.SecurityContextHolderFilter@64513b46, org.springframework.security.web.header.HeaderWriterFilter@137fb1a1, org.springframework.security.web.authentication.logout.LogoutFilter@634fa039, com.badminton.config.JwtRequestFilter@5b3847f5, org.springframework.security.web.savedrequest.RequestCacheAwareFilter@66b1f207, org.springframework.security.web.servletapi.SecurityContextHolderAwareRequestFilter@82da5c9, org.springframework.security.web.authentication.AnonymousAuthenticationFilter@6d919a4, org.springframework.security.web.session.SessionManagementFilter@6cbd57fa, org.springframework.security.web.access.ExceptionTranslationFilter@4c59c76c, org.springframework.security.web.access.intercept.AuthorizationFilter@6fe1a8f9]
2026-07-01T12:18:19.877+07:00  INFO 17124 --- [badminton-booking-api] [    Test worker] o.s.b.t.m.w.SpringBootMockServletContext : Initializing Spring TestDispatcherServlet ''
2026-07-01T12:18:19.878+07:00  INFO 17124 --- [badminton-booking-api] [    Test worker] o.s.t.web.servlet.TestDispatcherServlet  : Initializing Servlet ''
2026-07-01T12:18:19.879+07:00  INFO 17124 --- [badminton-booking-api] [    Test worker] o.s.t.web.servlet.TestDispatcherServlet  : Completed initialization in 1 ms
2026-07-01T12:18:19.890+07:00  INFO 17124 --- [badminton-booking-api] [    Test worker] c.b.controller.AuthControllerTest        : Started AuthControllerTest in 0.746 seconds (process running for 14.122)
]]></system-out>
  <system-err><![CDATA[]]></system-err>
</testsuite>
